# JRE version: OpenJDK Runtime Environment Temurin-21.0.10+7 (21.0.10+7) (build 21.0.10+7-LTS)
# Java VM: OpenJDK 64-Bit Server VM Temurin-21.0.10+7 (21.0.10+7-LTS, mixed mode, sharing, tiered, compressed oops, compressed class ptrs, g1 gc, windows-amd64)
GC Precious Log:
 CardTable entry size: 512
 Card Set container configuration: InlinePtr #cards 5 size 8 Array Of Cards #cards 12 size 40 Howl #buckets 4 coarsen threshold 1843 Howl Bitmap #cards 512 size 80 coarsen threshold 460 Card regions per heap region 1 cards per card region 2048
 CPUs: 4 total, 4 available
 Memory: 7835M
 Large Page Support: Disabled
 NUMA Support: Disabled
 Compressed Oops: Enabled (32-bit)
 Heap Region Size: 1M
 Heap Min Capacity: 8M
 Heap Initial Capacity: 124M
 Heap Max Capacity: 2G
 Pre-touch: Disabled
 Parallel Workers: 4
 Concurrent Workers: 1
 Concurrent Refinement Workers: 4
 Periodic GC: Disabled
Heap:
 garbage-first heap   total 154624K, used 106513K [0x0000000080000000, 0x0000000100000000)
  region size 1024K, 9 young (9216K), 2 survivors (2048K)
 Metaspace       used 88043K, committed 90304K, reserved 557056K
  class space    used 12661K, committed 13760K, reserved 425984K
GC Heap History (20 events):
Event: 23.161 GC heap before
{Heap before GC invocations=23 (full 0):
 garbage-first heap   total 99328K, used 91602K [0x0000000080000000, 0x0000000100000000)
  region size 1024K, 31 young (31744K), 3 survivors (3072K)
 Metaspace       used 65936K, committed 67840K, reserved 491520K
  class space    used 9660K, committed 10560K, reserved 425984K
}
Event: 23.168 GC heap after
{Heap after GC invocations=24 (full 0):
 garbage-first heap   total 99328K, used 65842K [0x0000000080000000, 0x0000000100000000)
  region size 1024K, 4 young (4096K), 4 survivors (4096K)
 Metaspace       used 65936K, committed 67840K, reserved 491520K
  class space    used 9660K, committed 10560K, reserved 425984K
}
Event: 23.801 GC heap before
{Heap before GC invocations=25 (full 0):
 garbage-first heap   total 111616K, used 91442K [0x0000000080000000, 0x0000000100000000)
  region size 1024K, 30 young (30720K), 4 survivors (4096K)
 Metaspace       used 67897K, committed 69952K, reserved 491520K
  class space    used 9931K, committed 10944K, reserved 425984K
}
Event: 23.808 GC heap after
{Heap after GC invocations=26 (full 0):
 garbage-first heap   total 111616K, used 67797K [0x0000000080000000, 0x0000000100000000)
  region size 1024K, 2 young (2048K), 2 survivors (2048K)
 Metaspace       used 67897K, committed 69952K, reserved 491520K
  class space    used 9931K, committed 10944K, reserved 425984K
}
Event: 24.989 GC heap before
{Heap before GC invocations=26 (full 0):
 garbage-first heap   total 111616K, used 102613K [0x0000000080000000, 0x0000000100000000)
  region size 1024K, 36 young (36864K), 2 survivors (2048K)
 Metaspace       used 70776K, committed 72832K, reserved 491520K
  class space    used 10447K, committed 11456K, reserved 425984K
}
Event: 24.997 GC heap after
{Heap after GC invocations=27 (full 0):
 garbage-first heap   total 111616K, used 69773K [0x0000000080000000, 0x0000000100000000)
  region size 1024K, 5 young (5120K), 5 survivors (5120K)
 Metaspace       used 70776K, committed 72832K, reserved 491520K
  class space    used 10447K, committed 11456K, reserved 425984K
}
Event: 26.263 GC heap before
{Heap before GC invocations=27 (full 0):
 garbage-first heap   total 111616K, used 101517K [0x0000000080000000, 0x0000000100000000)
  region size 1024K, 37 young (37888K), 5 survivors (5120K)
 Metaspace       used 73081K, committed 75136K, reserved 491520K
  class space    used 10759K, committed 11776K, reserved 425984K
}
Event: 26.274 GC heap after
{Heap after GC invocations=28 (full 0):
 garbage-first heap   total 112640K, used 73870K [0x0000000080000000, 0x0000000100000000)
  region size 1024K, 4 young (4096K), 4 survivors (4096K)
 Metaspace       used 73081K, committed 75136K, reserved 491520K
  class space    used 10759K, committed 11776K, reserved 425984K
}
Event: 44.862 GC heap before
{Heap before GC invocations=29 (full 0):
 garbage-first heap   total 124928K, used 103566K [0x0000000080000000, 0x0000000100000000)
  region size 1024K, 33 young (33792K), 4 survivors (4096K)
 Metaspace       used 76108K, committed 78272K, reserved 557056K
  class space    used 11175K, committed 12288K, reserved 425984K
}
Event: 44.872 GC heap after
{Heap after GC invocations=30 (full 0):
 garbage-first heap   total 150528K, used 76705K [0x0000000080000000, 0x0000000100000000)
  region size 1024K, 3 young (3072K), 3 survivors (3072K)
 Metaspace       used 76108K, committed 78272K, reserved 557056K
  class space    used 11175K, committed 12288K, reserved 425984K
}
Event: 45.869 GC heap before
{Heap before GC invocations=30 (full 0):
 garbage-first heap   total 150528K, used 132001K [0x0000000080000000, 0x0000000100000000)
  region size 1024K, 58 young (59392K), 3 survivors (3072K)
 Metaspace       used 76724K, committed 78912K, reserved 557056K
  class space    used 11199K, committed 12288K, reserved 425984K
}
Event: 45.882 GC heap after
{Heap after GC invocations=31 (full 0):
 garbage-first heap   total 150528K, used 82843K [0x0000000080000000, 0x0000000100000000)
  region size 1024K, 8 young (8192K), 8 survivors (8192K)
 Metaspace       used 76724K, committed 78912K, reserved 557056K
  class space    used 11199K, committed 12288K, reserved 425984K
}
Event: 46.569 GC heap before
{Heap before GC invocations=31 (full 0):
 garbage-first heap   total 150528K, used 133019K [0x0000000080000000, 0x0000000100000000)
  region size 1024K, 58 young (59392K), 8 survivors (8192K)
 Metaspace       used 76734K, committed 78912K, reserved 557056K
  class space    used 11199K, committed 12288K, reserved 425984K
}
Event: 46.582 GC heap after
{Heap after GC invocations=32 (full 0):
 garbage-first heap   total 150528K, used 87318K [0x0000000080000000, 0x0000000100000000)
  region size 1024K, 6 young (6144K), 6 survivors (6144K)
 Metaspace       used 76734K, committed 78912K, reserved 557056K
  class space    used 11199K, committed 12288K, reserved 425984K
}
Event: 47.339 GC heap before
{Heap before GC invocations=33 (full 0):
 garbage-first heap   total 150528K, used 135446K [0x0000000080000000, 0x0000000100000000)
  region size 1024K, 52 young (53248K), 6 survivors (6144K)
 Metaspace       used 77000K, committed 79168K, reserved 557056K
  class space    used 11223K, committed 12288K, reserved 425984K
}
Event: 47.348 GC heap after
{Heap after GC invocations=34 (full 0):
 garbage-first heap   total 150528K, used 92785K [0x0000000080000000, 0x0000000100000000)
  region size 1024K, 7 young (7168K), 7 survivors (7168K)
 Metaspace       used 77000K, committed 79168K, reserved 557056K
  class space    used 11223K, committed 12288K, reserved 425984K
}
Event: 48.314 GC heap before
{Heap before GC invocations=34 (full 0):
 garbage-first heap   total 150528K, used 138865K [0x0000000080000000, 0x0000000100000000)
  region size 1024K, 48 young (49152K), 7 survivors (7168K)
 Metaspace       used 81341K, committed 83584K, reserved 557056K
  class space    used 11771K, committed 12864K, reserved 425984K
}
Event: 48.325 GC heap after
{Heap after GC invocations=35 (full 0):
 garbage-first heap   total 154624K, used 99624K [0x0000000080000000, 0x0000000100000000)
  region size 1024K, 6 young (6144K), 6 survivors (6144K)
 Metaspace       used 81341K, committed 83584K, reserved 557056K
  class space    used 11771K, committed 12864K, reserved 425984K
}
Event: 49.203 GC heap before
{Heap before GC invocations=35 (full 0):
 garbage-first heap   total 154624K, used 137512K [0x0000000080000000, 0x0000000100000000)
  region size 1024K, 44 young (45056K), 6 survivors (6144K)
 Metaspace       used 86694K, committed 88896K, reserved 557056K
  class space    used 12425K, committed 13504K, reserved 425984K
}
Event: 49.209 GC heap after
{Heap after GC invocations=36 (full 0):
 garbage-first heap   total 154624K, used 101393K [0x0000000080000000, 0x0000000100000000)
  region size 1024K, 2 young (2048K), 2 survivors (2048K)
 Metaspace       used 86694K, committed 88896K, reserved 557056K
  class space    used 12425K, committed 13504K, reserved 425984K
}

