# JRE version: OpenJDK Runtime Environment Temurin-21.0.10+7 (21.0.10+7) (build 21.0.10+7-LTS)
# Java VM: OpenJDK 64-Bit Server VM Temurin-21.0.10+7 (21.0.10+7-LTS, mixed mode, sharing, tiered, compressed oops, compressed class ptrs, g1 gc, windows-amd64)
GC Precious Log:
 CardTable entry size: 512
 Card Set container configuration: InlinePtr #cards 5 size 8 Array Of Cards #cards 12 size 40 Howl #buckets 4 coarsen threshold 1843 Howl Bitmap #cards 512 size 80 coarsen threshold 460 Card regions per heap region 1 cards per card region 2048
 CPUs: 4 total, 4 available
 Memory: 7835M
 Large Page Support: Disabled
 NUMA Support: Disabled
 Compressed Oops: Enabled (32-bit)
 Heap Region Size: 1M
 Heap Min Capacity: 8M
 Heap Initial Capacity: 124M
 Heap Max Capacity: 2G
 Pre-touch: Disabled
 Parallel Workers: 4
 Concurrent Workers: 1
 Concurrent Refinement Workers: 4
 Periodic GC: Disabled
Heap:
 garbage-first heap   total 104448K, used 58581K [0x0000000080000000, 0x0000000100000000)
  region size 1024K, 6 young (6144K), 2 survivors (2048K)
 Metaspace       used 53231K, committed 55104K, reserved 491520K
  class space    used 7910K, committed 8832K, reserved 425984K
GC Heap History (20 events):
Event: 5.630 GC heap before
{Heap before GC invocations=4 (full 0):
 garbage-first heap   total 126976K, used 44492K [0x0000000080000000, 0x0000000100000000)
  region size 1024K, 27 young (27648K), 5 survivors (5120K)
 Metaspace       used 20846K, committed 21504K, reserved 491520K
  class space    used 3083K, committed 3392K, reserved 425984K
}
Event: 5.639 GC heap after
{Heap after GC invocations=5 (full 0):
 garbage-first heap   total 126976K, used 24864K [0x0000000080000000, 0x0000000100000000)
  region size 1024K, 7 young (7168K), 7 survivors (7168K)
 Metaspace       used 20846K, committed 21504K, reserved 491520K
  class space    used 3083K, committed 3392K, reserved 425984K
}
Event: 6.670 GC heap before
{Heap before GC invocations=6 (full 0):
 garbage-first heap   total 86016K, used 68896K [0x0000000080000000, 0x0000000100000000)
  region size 1024K, 50 young (51200K), 7 survivors (7168K)
 Metaspace       used 26776K, committed 27712K, reserved 491520K
  class space    used 4020K, committed 4480K, reserved 425984K
}
Event: 6.680 GC heap after
{Heap after GC invocations=7 (full 0):
 garbage-first heap   total 86016K, used 26883K [0x0000000080000000, 0x0000000100000000)
  region size 1024K, 4 young (4096K), 4 survivors (4096K)
 Metaspace       used 26776K, committed 27712K, reserved 491520K
  class space    used 4020K, committed 4480K, reserved 425984K
}
Event: 7.577 GC heap before
{Heap before GC invocations=7 (full 0):
 garbage-first heap   total 86016K, used 71939K [0x0000000080000000, 0x0000000100000000)
  region size 1024K, 49 young (50176K), 4 survivors (4096K)
 Metaspace       used 32788K, committed 33792K, reserved 491520K
  class space    used 4693K, committed 5184K, reserved 425984K
}
Event: 7.588 GC heap after
{Heap after GC invocations=8 (full 0):
 garbage-first heap   total 86016K, used 31125K [0x0000000080000000, 0x0000000100000000)
  region size 1024K, 7 young (7168K), 7 survivors (7168K)
 Metaspace       used 32788K, committed 33792K, reserved 491520K
  class space    used 4693K, committed 5184K, reserved 425984K
}
Event: 8.166 GC heap before
{Heap before GC invocations=8 (full 0):
 garbage-first heap   total 86016K, used 66965K [0x0000000080000000, 0x0000000100000000)
  region size 1024K, 42 young (43008K), 7 survivors (7168K)
 Metaspace       used 34948K, committed 35968K, reserved 491520K
  class space    used 4916K, committed 5440K, reserved 425984K
}
Event: 8.174 GC heap after
{Heap after GC invocations=9 (full 0):
 garbage-first heap   total 86016K, used 31909K [0x0000000080000000, 0x0000000100000000)
  region size 1024K, 2 young (2048K), 2 survivors (2048K)
 Metaspace       used 34948K, committed 35968K, reserved 491520K
  class space    used 4916K, committed 5440K, reserved 425984K
}
Event: 9.587 GC heap before
{Heap before GC invocations=10 (full 0):
 garbage-first heap   total 86016K, used 74917K [0x0000000080000000, 0x0000000100000000)
  region size 1024K, 44 young (45056K), 2 survivors (2048K)
 Metaspace       used 39588K, committed 41088K, reserved 491520K
  class space    used 5728K, committed 6464K, reserved 425984K
}
Event: 9.592 GC heap after
{Heap after GC invocations=11 (full 0):
 garbage-first heap   total 86016K, used 34641K [0x0000000080000000, 0x0000000100000000)
  region size 1024K, 4 young (4096K), 4 survivors (4096K)
 Metaspace       used 39588K, committed 41088K, reserved 491520K
  class space    used 5728K, committed 6464K, reserved 425984K
}
Event: 10.323 GC heap before
{Heap before GC invocations=11 (full 0):
 garbage-first heap   total 86016K, used 75601K [0x0000000080000000, 0x0000000100000000)
  region size 1024K, 44 young (45056K), 4 survivors (4096K)
 Metaspace       used 42050K, committed 43648K, reserved 491520K
  class space    used 6126K, committed 6912K, reserved 425984K
}
Event: 10.330 GC heap after
{Heap after GC invocations=12 (full 0):
 garbage-first heap   total 86016K, used 36042K [0x0000000080000000, 0x0000000100000000)
  region size 1024K, 5 young (5120K), 5 survivors (5120K)
 Metaspace       used 42050K, committed 43648K, reserved 491520K
  class space    used 6126K, committed 6912K, reserved 425984K
}
Event: 11.445 GC heap before
{Heap before GC invocations=12 (full 0):
 garbage-first heap   total 86016K, used 75978K [0x0000000080000000, 0x0000000100000000)
  region size 1024K, 44 young (45056K), 5 survivors (5120K)
 Metaspace       used 46100K, committed 47744K, reserved 491520K
  class space    used 6824K, committed 7616K, reserved 425984K
}
Event: 11.454 GC heap after
{Heap after GC invocations=13 (full 0):
 garbage-first heap   total 86016K, used 38166K [0x0000000080000000, 0x0000000100000000)
  region size 1024K, 4 young (4096K), 4 survivors (4096K)
 Metaspace       used 46100K, committed 47744K, reserved 491520K
  class space    used 6824K, committed 7616K, reserved 425984K
}
Event: 12.453 GC heap before
{Heap before GC invocations=13 (full 0):
 garbage-first heap   total 86016K, used 77078K [0x0000000080000000, 0x0000000100000000)
  region size 1024K, 42 young (43008K), 4 survivors (4096K)
 Metaspace       used 49080K, committed 50816K, reserved 491520K
  class space    used 7246K, committed 8128K, reserved 425984K
}
Event: 12.464 GC heap after
{Heap after GC invocations=14 (full 0):
 garbage-first heap   total 87040K, used 43141K [0x0000000080000000, 0x0000000100000000)
  region size 1024K, 6 young (6144K), 6 survivors (6144K)
 Metaspace       used 49080K, committed 50816K, reserved 491520K
  class space    used 7246K, committed 8128K, reserved 425984K
}
Event: 13.720 GC heap before
{Heap before GC invocations=14 (full 0):
 garbage-first heap   total 87040K, used 74885K [0x0000000080000000, 0x0000000100000000)
  region size 1024K, 38 young (38912K), 6 survivors (6144K)
 Metaspace       used 51342K, committed 53184K, reserved 491520K
  class space    used 7608K, committed 8512K, reserved 425984K
}
Event: 13.730 GC heap after
{Heap after GC invocations=15 (full 0):
 garbage-first heap   total 104448K, used 46253K [0x0000000080000000, 0x0000000100000000)
  region size 1024K, 4 young (4096K), 4 survivors (4096K)
 Metaspace       used 51342K, committed 53184K, reserved 491520K
  class space    used 7608K, committed 8512K, reserved 425984K
}
Event: 14.242 GC heap before
{Heap before GC invocations=15 (full 0):
 garbage-first heap   total 104448K, used 67757K [0x0000000080000000, 0x0000000100000000)
  region size 1024K, 22 young (22528K), 4 survivors (4096K)
 Metaspace       used 52975K, committed 54848K, reserved 491520K
  class space    used 7869K, committed 8768K, reserved 425984K
}
Event: 14.249 GC heap after
{Heap after GC invocations=16 (full 0):
 garbage-first heap   total 104448K, used 52437K [0x0000000080000000, 0x0000000100000000)
  region size 1024K, 2 young (2048K), 2 survivors (2048K)
 Metaspace       used 52975K, committed 54848K, reserved 491520K
  class space    used 7869K, committed 8768K, reserved 425984K
}

