# JRE version: Java(TM) SE Runtime Environment (17.0.12+8) (build 17.0.12+8-LTS-286)
# Java VM: Java HotSpot(TM) 64-Bit Server VM (17.0.12+8-LTS-286, mixed mode, sharing, tiered, compressed oops, compressed class ptrs, g1 gc, windows-amd64)
GC Precious Log:
 CPUs: 4 total, 4 available
 Memory: 7835M
 Large Page Support: Disabled
 NUMA Support: Disabled
 Compressed Oops: Enabled (32-bit)
 Heap Region Size: 1M
 Heap Min Capacity: 8M
 Heap Initial Capacity: 124M
 Heap Max Capacity: 2G
 Pre-touch: Disabled
 Parallel Workers: 4
 Concurrent Workers: 1
 Concurrent Refinement Workers: 4
 Periodic GC: Disabled
Heap:
 garbage-first heap   total 262144K, used 204890K [0x0000000080000000, 0x0000000100000000)
  region size 1024K, 16 young (16384K), 3 survivors (3072K)
 Metaspace       used 112720K, committed 113984K, reserved 557056K
  class space    used 15704K, committed 16256K, reserved 425984K
GC Heap History (20 events):
Event: 148.886 GC heap before
{Heap before GC invocations=74 (full 0):
 garbage-first heap   total 212992K, used 185165K [0x0000000080000000, 0x0000000100000000)
  region size 1024K, 25 young (25600K), 4 survivors (4096K)
 Metaspace       used 107879K, committed 108992K, reserved 557056K
  class space    used 15031K, committed 15552K, reserved 425984K
}
Event: 148.892 GC heap after
{Heap after GC invocations=75 (full 0):
 garbage-first heap   total 212992K, used 166528K [0x0000000080000000, 0x0000000100000000)
  region size 1024K, 4 young (4096K), 4 survivors (4096K)
 Metaspace       used 107879K, committed 108992K, reserved 557056K
  class space    used 15031K, committed 15552K, reserved 425984K
}
Event: 149.169 GC heap before
{Heap before GC invocations=75 (full 0):
 garbage-first heap   total 212992K, used 182912K [0x0000000080000000, 0x0000000100000000)
  region size 1024K, 20 young (20480K), 4 survivors (4096K)
 Metaspace       used 108019K, committed 109184K, reserved 557056K
  class space    used 15047K, committed 15616K, reserved 425984K
}
Event: 149.176 GC heap after
{Heap after GC invocations=76 (full 0):
 garbage-first heap   total 212992K, used 169239K [0x0000000080000000, 0x0000000100000000)
  region size 1024K, 3 young (3072K), 3 survivors (3072K)
 Metaspace       used 108019K, committed 109184K, reserved 557056K
  class space    used 15047K, committed 15616K, reserved 425984K
}
Event: 149.298 GC heap before
{Heap before GC invocations=76 (full 0):
 garbage-first heap   total 212992K, used 182551K [0x0000000080000000, 0x0000000100000000)
  region size 1024K, 17 young (17408K), 3 survivors (3072K)
 Metaspace       used 108019K, committed 109184K, reserved 557056K
  class space    used 15047K, committed 15616K, reserved 425984K
}
Event: 149.304 GC heap after
{Heap after GC invocations=77 (full 0):
 garbage-first heap   total 212992K, used 170706K [0x0000000080000000, 0x0000000100000000)
  region size 1024K, 2 young (2048K), 2 survivors (2048K)
 Metaspace       used 108019K, committed 109184K, reserved 557056K
  class space    used 15047K, committed 15616K, reserved 425984K
}
Event: 149.421 GC heap before
{Heap before GC invocations=77 (full 0):
 garbage-first heap   total 212992K, used 184018K [0x0000000080000000, 0x0000000100000000)
  region size 1024K, 16 young (16384K), 2 survivors (2048K)
 Metaspace       used 108019K, committed 109184K, reserved 557056K
  class space    used 15047K, committed 15616K, reserved 425984K
}
Event: 149.425 GC heap after
{Heap after GC invocations=78 (full 0):
 garbage-first heap   total 212992K, used 172385K [0x0000000080000000, 0x0000000100000000)
  region size 1024K, 2 young (2048K), 2 survivors (2048K)
 Metaspace       used 108019K, committed 109184K, reserved 557056K
  class space    used 15047K, committed 15616K, reserved 425984K
}
Event: 149.579 GC heap before
{Heap before GC invocations=78 (full 0):
 garbage-first heap   total 212992K, used 183649K [0x0000000080000000, 0x0000000100000000)
  region size 1024K, 14 young (14336K), 2 survivors (2048K)
 Metaspace       used 108019K, committed 109184K, reserved 557056K
  class space    used 15047K, committed 15616K, reserved 425984K
}
Event: 149.583 GC heap after
{Heap after GC invocations=79 (full 0):
 garbage-first heap   total 262144K, used 173442K [0x0000000080000000, 0x0000000100000000)
  region size 1024K, 2 young (2048K), 2 survivors (2048K)
 Metaspace       used 108019K, committed 109184K, reserved 557056K
  class space    used 15047K, committed 15616K, reserved 425984K
}
Event: 150.304 GC heap before
{Heap before GC invocations=79 (full 0):
 garbage-first heap   total 262144K, used 219522K [0x0000000080000000, 0x0000000100000000)
  region size 1024K, 47 young (48128K), 2 survivors (2048K)
 Metaspace       used 108229K, committed 109376K, reserved 557056K
  class space    used 15068K, committed 15616K, reserved 425984K
}
Event: 150.312 GC heap after
{Heap after GC invocations=80 (full 0):
 garbage-first heap   total 262144K, used 178136K [0x0000000080000000, 0x0000000100000000)
  region size 1024K, 6 young (6144K), 6 survivors (6144K)
 Metaspace       used 108229K, committed 109376K, reserved 557056K
  class space    used 15068K, committed 15616K, reserved 425984K
}
Event: 151.268 GC heap before
{Heap before GC invocations=80 (full 0):
 garbage-first heap   total 262144K, used 221144K [0x0000000080000000, 0x0000000100000000)
  region size 1024K, 48 young (49152K), 6 survivors (6144K)
 Metaspace       used 108474K, committed 109696K, reserved 557056K
  class space    used 15087K, committed 15680K, reserved 425984K
}
Event: 151.278 GC heap after
{Heap after GC invocations=81 (full 0):
 garbage-first heap   total 262144K, used 180957K [0x0000000080000000, 0x0000000100000000)
  region size 1024K, 4 young (4096K), 4 survivors (4096K)
 Metaspace       used 108474K, committed 109696K, reserved 557056K
  class space    used 15087K, committed 15680K, reserved 425984K
}
Event: 152.336 GC heap before
{Heap before GC invocations=81 (full 0):
 garbage-first heap   total 262144K, used 220893K [0x0000000080000000, 0x0000000100000000)
  region size 1024K, 43 young (44032K), 4 survivors (4096K)
 Metaspace       used 109952K, committed 111168K, reserved 557056K
  class space    used 15312K, committed 15872K, reserved 425984K
}
Event: 152.347 GC heap after
{Heap after GC invocations=82 (full 0):
 garbage-first heap   total 262144K, used 185717K [0x0000000080000000, 0x0000000100000000)
  region size 1024K, 5 young (5120K), 5 survivors (5120K)
 Metaspace       used 109952K, committed 111168K, reserved 557056K
  class space    used 15312K, committed 15872K, reserved 425984K
}
Event: 153.425 GC heap before
{Heap before GC invocations=82 (full 0):
 garbage-first heap   total 262144K, used 222581K [0x0000000080000000, 0x0000000100000000)
  region size 1024K, 41 young (41984K), 5 survivors (5120K)
 Metaspace       used 110888K, committed 112128K, reserved 557056K
  class space    used 15455K, committed 16000K, reserved 425984K
}
Event: 153.436 GC heap after
{Heap after GC invocations=83 (full 0):
 garbage-first heap   total 262144K, used 190442K [0x0000000080000000, 0x0000000100000000)
  region size 1024K, 4 young (4096K), 4 survivors (4096K)
 Metaspace       used 110888K, committed 112128K, reserved 557056K
  class space    used 15455K, committed 16000K, reserved 425984K
}
Event: 154.050 GC heap before
{Heap before GC invocations=83 (full 0):
 garbage-first heap   total 262144K, used 219114K [0x0000000080000000, 0x0000000100000000)
  region size 1024K, 34 young (34816K), 4 survivors (4096K)
 Metaspace       used 112261K, committed 113536K, reserved 557056K
  class space    used 15636K, committed 16256K, reserved 425984K
}
Event: 154.062 GC heap after
{Heap after GC invocations=84 (full 0):
 garbage-first heap   total 262144K, used 192602K [0x0000000080000000, 0x0000000100000000)
  region size 1024K, 3 young (3072K), 3 survivors (3072K)
 Metaspace       used 112261K, committed 113536K, reserved 557056K
  class space    used 15636K, committed 16256K, reserved 425984K
}

