# JRE version: Java(TM) SE Runtime Environment (17.0.12+8) (build 17.0.12+8-LTS-286)
# Java VM: Java HotSpot(TM) 64-Bit Server VM (17.0.12+8-LTS-286, mixed mode, sharing, tiered, compressed oops, compressed class ptrs, g1 gc, windows-amd64)
GC Precious Log:
 CPUs: 4 total, 4 available
 Memory: 7835M
 Large Page Support: Disabled
 NUMA Support: Disabled
 Compressed Oops: Enabled (32-bit)
 Heap Region Size: 1M
 Heap Min Capacity: 8M
 Heap Initial Capacity: 124M
 Heap Max Capacity: 2G
 Pre-touch: Disabled
 Parallel Workers: 4
 Concurrent Workers: 1
 Concurrent Refinement Workers: 4
 Periodic GC: Disabled
Heap:
 garbage-first heap   total 271360K, used 148690K [0x0000000080000000, 0x0000000100000000)
  region size 1024K, 9 young (9216K), 9 survivors (9216K)
 Metaspace       used 103725K, committed 104832K, reserved 557056K
  class space    used 14521K, committed 15104K, reserved 425984K
GC Heap History (20 events):
Event: 38.467 GC heap after
{Heap after GC invocations=39 (full 0):
 garbage-first heap   total 223232K, used 122634K [0x0000000080000000, 0x0000000100000000)
  region size 1024K, 8 young (8192K), 8 survivors (8192K)
 Metaspace       used 88282K, committed 89152K, reserved 557056K
  class space    used 12230K, committed 12608K, reserved 425984K
}
Event: 40.664 GC heap before
{Heap before GC invocations=39 (full 0):
 garbage-first heap   total 223232K, used 184074K [0x0000000080000000, 0x0000000100000000)
  region size 1024K, 67 young (68608K), 8 survivors (8192K)
 Metaspace       used 92439K, committed 93312K, reserved 557056K
  class space    used 12825K, committed 13248K, reserved 425984K
}
Event: 40.675 GC heap after
{Heap after GC invocations=40 (full 0):
 garbage-first heap   total 223232K, used 124772K [0x0000000080000000, 0x0000000100000000)
  region size 1024K, 3 young (3072K), 3 survivors (3072K)
 Metaspace       used 92439K, committed 93312K, reserved 557056K
  class space    used 12825K, committed 13248K, reserved 425984K
}
Event: 42.118 GC heap before
{Heap before GC invocations=40 (full 0):
 garbage-first heap   total 223232K, used 185188K [0x0000000080000000, 0x0000000100000000)
  region size 1024K, 62 young (63488K), 3 survivors (3072K)
 Metaspace       used 96887K, committed 97792K, reserved 557056K
  class space    used 13548K, committed 13952K, reserved 425984K
}
Event: 42.127 GC heap after
{Heap after GC invocations=41 (full 0):
 garbage-first heap   total 223232K, used 126322K [0x0000000080000000, 0x0000000100000000)
  region size 1024K, 4 young (4096K), 4 survivors (4096K)
 Metaspace       used 96887K, committed 97792K, reserved 557056K
  class space    used 13548K, committed 13952K, reserved 425984K
}
Event: 44.091 GC heap before
{Heap before GC invocations=41 (full 0):
 garbage-first heap   total 223232K, used 186738K [0x0000000080000000, 0x0000000100000000)
  region size 1024K, 63 young (64512K), 4 survivors (4096K)
 Metaspace       used 99986K, committed 100928K, reserved 557056K
  class space    used 13961K, committed 14400K, reserved 425984K
}
Event: 44.099 GC heap after
{Heap after GC invocations=42 (full 0):
 garbage-first heap   total 223232K, used 129040K [0x0000000080000000, 0x0000000100000000)
  region size 1024K, 7 young (7168K), 7 survivors (7168K)
 Metaspace       used 99986K, committed 100928K, reserved 557056K
  class space    used 13961K, committed 14400K, reserved 425984K
}
Event: 44.418 GC heap before
{Heap before GC invocations=42 (full 0):
 garbage-first heap   total 223232K, used 147472K [0x0000000080000000, 0x0000000100000000)
  region size 1024K, 26 young (26624K), 7 survivors (7168K)
 Metaspace       used 101071K, committed 102016K, reserved 557056K
  class space    used 14080K, committed 14528K, reserved 425984K
}
Event: 44.429 GC heap after
{Heap after GC invocations=43 (full 0):
 garbage-first heap   total 223232K, used 130378K [0x0000000080000000, 0x0000000100000000)
  region size 1024K, 7 young (7168K), 7 survivors (7168K)
 Metaspace       used 101071K, committed 102016K, reserved 557056K
  class space    used 14080K, committed 14528K, reserved 425984K
}
Event: 45.610 GC heap before
{Heap before GC invocations=44 (full 0):
 garbage-first heap   total 232448K, used 187722K [0x0000000080000000, 0x0000000100000000)
  region size 1024K, 63 young (64512K), 7 survivors (7168K)
 Metaspace       used 102828K, committed 103872K, reserved 557056K
  class space    used 14353K, committed 14848K, reserved 425984K
}
Event: 45.625 GC heap after
{Heap after GC invocations=45 (full 0):
 garbage-first heap   total 232448K, used 135146K [0x0000000080000000, 0x0000000100000000)
  region size 1024K, 8 young (8192K), 8 survivors (8192K)
 Metaspace       used 102828K, committed 103872K, reserved 557056K
  class space    used 14353K, committed 14848K, reserved 425984K
}
Event: 45.686 GC heap before
{Heap before GC invocations=45 (full 0):
 garbage-first heap   total 232448K, used 138218K [0x0000000080000000, 0x0000000100000000)
  region size 1024K, 11 young (11264K), 8 survivors (8192K)
 Metaspace       used 102968K, committed 104064K, reserved 557056K
  class space    used 14412K, committed 14912K, reserved 425984K
}
Event: 45.698 GC heap after
{Heap after GC invocations=46 (full 0):
 garbage-first heap   total 232448K, used 133306K [0x0000000080000000, 0x0000000100000000)
  region size 1024K, 2 young (2048K), 2 survivors (2048K)
 Metaspace       used 102968K, committed 104064K, reserved 557056K
  class space    used 14412K, committed 14912K, reserved 425984K
}
Event: 46.650 GC heap before
{Heap before GC invocations=46 (full 0):
 garbage-first heap   total 232448K, used 193722K [0x0000000080000000, 0x0000000100000000)
  region size 1024K, 62 young (63488K), 2 survivors (2048K)
 Metaspace       used 103495K, committed 104576K, reserved 557056K
  class space    used 14494K, committed 15040K, reserved 425984K
}
Event: 46.660 GC heap after
{Heap after GC invocations=47 (full 0):
 garbage-first heap   total 232448K, used 139270K [0x0000000080000000, 0x0000000100000000)
  region size 1024K, 8 young (8192K), 8 survivors (8192K)
 Metaspace       used 103495K, committed 104576K, reserved 557056K
  class space    used 14494K, committed 15040K, reserved 425984K
}
Event: 47.283 GC heap before
{Heap before GC invocations=48 (full 0):
 garbage-first heap   total 271360K, used 191494K [0x0000000080000000, 0x0000000100000000)
  region size 1024K, 60 young (61440K), 8 survivors (8192K)
 Metaspace       used 103526K, committed 104640K, reserved 557056K
  class space    used 14496K, committed 15040K, reserved 425984K
}
Event: 47.296 GC heap after
{Heap after GC invocations=49 (full 0):
 garbage-first heap   total 271360K, used 142181K [0x0000000080000000, 0x0000000100000000)
  region size 1024K, 6 young (6144K), 6 survivors (6144K)
 Metaspace       used 103526K, committed 104640K, reserved 557056K
  class space    used 14496K, committed 15040K, reserved 425984K
}
Event: 47.332 GC heap before
{Heap before GC invocations=49 (full 0):
 garbage-first heap   total 271360K, used 149349K [0x0000000080000000, 0x0000000100000000)
  region size 1024K, 13 young (13312K), 6 survivors (6144K)
 Metaspace       used 103526K, committed 104640K, reserved 557056K
  class space    used 14496K, committed 15040K, reserved 425984K
}
Event: 47.340 GC heap after
{Heap after GC invocations=50 (full 0):
 garbage-first heap   total 271360K, used 139377K [0x0000000080000000, 0x0000000100000000)
  region size 1024K, 2 young (2048K), 2 survivors (2048K)
 Metaspace       used 103526K, committed 104640K, reserved 557056K
  class space    used 14496K, committed 15040K, reserved 425984K
}
Event: 48.273 GC heap before
{Heap before GC invocations=50 (full 0):
 garbage-first heap   total 271360K, used 226417K [0x0000000080000000, 0x0000000100000000)
  region size 1024K, 85 young (87040K), 2 survivors (2048K)
 Metaspace       used 103725K, committed 104832K, reserved 557056K
  class space    used 14521K, committed 15104K, reserved 425984K
}

