# JRE version: OpenJDK Runtime Environment Temurin-21.0.10+7 (21.0.10+7) (build 21.0.10+7-LTS)
# Java VM: OpenJDK 64-Bit Server VM Temurin-21.0.10+7 (21.0.10+7-LTS, mixed mode, sharing, tiered, compressed oops, compressed class ptrs, g1 gc, windows-amd64)
GC Precious Log:
 CardTable entry size: 512
 Card Set container configuration: InlinePtr #cards 5 size 8 Array Of Cards #cards 12 size 40 Howl #buckets 4 coarsen threshold 1843 Howl Bitmap #cards 512 size 80 coarsen threshold 460 Card regions per heap region 1 cards per card region 2048
 CPUs: 4 total, 4 available
 Memory: 7835M
 Large Page Support: Disabled
 NUMA Support: Disabled
 Compressed Oops: Enabled (32-bit)
 Heap Region Size: 1M
 Heap Min Capacity: 8M
 Heap Initial Capacity: 124M
 Heap Max Capacity: 2G
 Pre-touch: Disabled
 Parallel Workers: 4
 Concurrent Workers: 1
 Concurrent Refinement Workers: 4
 Periodic GC: Disabled
Heap:
 garbage-first heap   total 90112K, used 63643K [0x0000000080000000, 0x0000000100000000)
  region size 1024K, 18 young (18432K), 5 survivors (5120K)
 Metaspace       used 58106K, committed 60032K, reserved 491520K
  class space    used 8548K, committed 9472K, reserved 425984K
GC Heap History (20 events):
Event: 16.491 GC heap before
{Heap before GC invocations=6 (full 0):
 garbage-first heap   total 86016K, used 72526K [0x0000000080000000, 0x0000000100000000)
  region size 1024K, 50 young (51200K), 3 survivors (3072K)
 Metaspace       used 27546K, committed 28544K, reserved 491520K
  class space    used 4116K, committed 4608K, reserved 425984K
}
Event: 16.498 GC heap after
{Heap after GC invocations=7 (full 0):
 garbage-first heap   total 86016K, used 26717K [0x0000000080000000, 0x0000000100000000)
  region size 1024K, 5 young (5120K), 5 survivors (5120K)
 Metaspace       used 27546K, committed 28544K, reserved 491520K
  class space    used 4116K, committed 4608K, reserved 425984K
}
Event: 18.312 GC heap before
{Heap before GC invocations=7 (full 0):
 garbage-first heap   total 86016K, used 71773K [0x0000000080000000, 0x0000000100000000)
  region size 1024K, 50 young (51200K), 5 survivors (5120K)
 Metaspace       used 33200K, committed 34240K, reserved 491520K
  class space    used 4739K, committed 5248K, reserved 425984K
}
Event: 18.328 GC heap after
{Heap after GC invocations=8 (full 0):
 garbage-first heap   total 86016K, used 31253K [0x0000000080000000, 0x0000000100000000)
  region size 1024K, 7 young (7168K), 7 survivors (7168K)
 Metaspace       used 33200K, committed 34240K, reserved 491520K
  class space    used 4739K, committed 5248K, reserved 425984K
}
Event: 19.247 GC heap before
{Heap before GC invocations=8 (full 0):
 garbage-first heap   total 86016K, used 64021K [0x0000000080000000, 0x0000000100000000)
  region size 1024K, 39 young (39936K), 7 survivors (7168K)
 Metaspace       used 34931K, committed 35968K, reserved 491520K
  class space    used 4909K, committed 5376K, reserved 425984K
}
Event: 19.257 GC heap after
{Heap after GC invocations=9 (full 0):
 garbage-first heap   total 86016K, used 31744K [0x0000000080000000, 0x0000000100000000)
  region size 1024K, 1 young (1024K), 1 survivors (1024K)
 Metaspace       used 34931K, committed 35968K, reserved 491520K
  class space    used 4909K, committed 5376K, reserved 425984K
}
Event: 22.191 GC heap before
{Heap before GC invocations=10 (full 0):
 garbage-first heap   total 86016K, used 75776K [0x0000000080000000, 0x0000000100000000)
  region size 1024K, 44 young (45056K), 1 survivors (1024K)
 Metaspace       used 39696K, committed 41216K, reserved 491520K
  class space    used 5747K, committed 6464K, reserved 425984K
}
Event: 22.197 GC heap after
{Heap after GC invocations=11 (full 0):
 garbage-first heap   total 86016K, used 33726K [0x0000000080000000, 0x0000000100000000)
  region size 1024K, 3 young (3072K), 3 survivors (3072K)
 Metaspace       used 39696K, committed 41216K, reserved 491520K
  class space    used 5747K, committed 6464K, reserved 425984K
}
Event: 24.547 GC heap before
{Heap before GC invocations=11 (full 0):
 garbage-first heap   total 86016K, used 76734K [0x0000000080000000, 0x0000000100000000)
  region size 1024K, 45 young (46080K), 3 survivors (3072K)
 Metaspace       used 42352K, committed 43904K, reserved 491520K
  class space    used 6175K, committed 6912K, reserved 425984K
}
Event: 24.556 GC heap after
{Heap after GC invocations=12 (full 0):
 garbage-first heap   total 86016K, used 35078K [0x0000000080000000, 0x0000000100000000)
  region size 1024K, 5 young (5120K), 5 survivors (5120K)
 Metaspace       used 42352K, committed 43904K, reserved 491520K
  class space    used 6175K, committed 6912K, reserved 425984K
}
Event: 26.860 GC heap before
{Heap before GC invocations=12 (full 0):
 garbage-first heap   total 86016K, used 77062K [0x0000000080000000, 0x0000000100000000)
  region size 1024K, 46 young (47104K), 5 survivors (5120K)
 Metaspace       used 46556K, committed 48320K, reserved 491520K
  class space    used 6882K, committed 7744K, reserved 425984K
}
Event: 26.870 GC heap after
{Heap after GC invocations=13 (full 0):
 garbage-first heap   total 86016K, used 37538K [0x0000000080000000, 0x0000000100000000)
  region size 1024K, 5 young (5120K), 5 survivors (5120K)
 Metaspace       used 46556K, committed 48320K, reserved 491520K
  class space    used 6882K, committed 7744K, reserved 425984K
}
Event: 29.883 GC heap before
{Heap before GC invocations=13 (full 0):
 garbage-first heap   total 86016K, used 75426K [0x0000000080000000, 0x0000000100000000)
  region size 1024K, 43 young (44032K), 5 survivors (5120K)
 Metaspace       used 49179K, committed 50944K, reserved 491520K
  class space    used 7244K, committed 8128K, reserved 425984K
}
Event: 29.898 GC heap after
{Heap after GC invocations=14 (full 0):
 garbage-first heap   total 87040K, used 42686K [0x0000000080000000, 0x0000000100000000)
  region size 1024K, 6 young (6144K), 6 survivors (6144K)
 Metaspace       used 49179K, committed 50944K, reserved 491520K
  class space    used 7244K, committed 8128K, reserved 425984K
}
Event: 31.909 GC heap before
{Heap before GC invocations=14 (full 0):
 garbage-first heap   total 87040K, used 75454K [0x0000000080000000, 0x0000000100000000)
  region size 1024K, 39 young (39936K), 6 survivors (6144K)
 Metaspace       used 51766K, committed 53632K, reserved 491520K
  class space    used 7667K, committed 8576K, reserved 425984K
}
Event: 31.918 GC heap after
{Heap after GC invocations=15 (full 0):
 garbage-first heap   total 87040K, used 42819K [0x0000000080000000, 0x0000000100000000)
  region size 1024K, 2 young (2048K), 2 survivors (2048K)
 Metaspace       used 51766K, committed 53632K, reserved 491520K
  class space    used 7667K, committed 8576K, reserved 425984K
}
Event: 40.275 GC heap before
{Heap before GC invocations=15 (full 0):
 garbage-first heap   total 87040K, used 56131K [0x0000000080000000, 0x0000000100000000)
  region size 1024K, 16 young (16384K), 2 survivors (2048K)
 Metaspace       used 53003K, committed 54912K, reserved 491520K
  class space    used 7865K, committed 8768K, reserved 425984K
}
Event: 40.282 GC heap after
{Heap after GC invocations=16 (full 0):
 garbage-first heap   total 87040K, used 43429K [0x0000000080000000, 0x0000000100000000)
  region size 1024K, 3 young (3072K), 3 survivors (3072K)
 Metaspace       used 53003K, committed 54912K, reserved 491520K
  class space    used 7865K, committed 8768K, reserved 425984K
}
Event: 44.288 GC heap before
{Heap before GC invocations=17 (full 0):
 garbage-first heap   total 87040K, used 84389K [0x0000000080000000, 0x0000000100000000)
  region size 1024K, 37 young (37888K), 3 survivors (3072K)
 Metaspace       used 56572K, committed 58496K, reserved 491520K
  class space    used 8346K, committed 9280K, reserved 425984K
}
Event: 44.292 GC heap after
{Heap after GC invocations=18 (full 0):
 garbage-first heap   total 90112K, used 51355K [0x0000000080000000, 0x0000000100000000)
  region size 1024K, 5 young (5120K), 5 survivors (5120K)
 Metaspace       used 56572K, committed 58496K, reserved 491520K
  class space    used 8346K, committed 9280K, reserved 425984K
}

