# JRE version: OpenJDK Runtime Environment Temurin-21.0.10+7 (21.0.10+7) (build 21.0.10+7-LTS)
# Java VM: OpenJDK 64-Bit Server VM Temurin-21.0.10+7 (21.0.10+7-LTS, mixed mode, sharing, tiered, compressed oops, compressed class ptrs, g1 gc, windows-amd64)
GC Precious Log:
 CardTable entry size: 512
 Card Set container configuration: InlinePtr #cards 5 size 8 Array Of Cards #cards 12 size 40 Howl #buckets 4 coarsen threshold 1843 Howl Bitmap #cards 512 size 80 coarsen threshold 460 Card regions per heap region 1 cards per card region 2048
 CPUs: 4 total, 4 available
 Memory: 7835M
 Large Page Support: Disabled
 NUMA Support: Disabled
 Compressed Oops: Enabled (32-bit)
 Heap Region Size: 1M
 Heap Min Capacity: 8M
 Heap Initial Capacity: 124M
 Heap Max Capacity: 2G
 Pre-touch: Disabled
 Parallel Workers: 4
 Concurrent Workers: 1
 Concurrent Refinement Workers: 4
 Periodic GC: Disabled
Heap:
 garbage-first heap   total 306176K, used 214302K [0x0000000080000000, 0x0000000100000000)
  region size 1024K, 21 young (21504K), 7 survivors (7168K)
 Metaspace       used 144856K, committed 147712K, reserved 557056K
  class space    used 19069K, committed 20480K, reserved 425984K
GC Heap History (20 events):
Event: 33.531 GC heap before
{Heap before GC invocations=39 (full 0):
 garbage-first heap   total 249856K, used 219960K [0x0000000080000000, 0x0000000100000000)
  region size 1024K, 98 young (100352K), 4 survivors (4096K)
 Metaspace       used 133680K, committed 136192K, reserved 557056K
  class space    used 17977K, committed 19200K, reserved 425984K
}
Event: 33.547 GC heap after
{Heap after GC invocations=40 (full 0):
 garbage-first heap   total 249856K, used 125752K [0x0000000080000000, 0x0000000100000000)
  region size 1024K, 12 young (12288K), 12 survivors (12288K)
 Metaspace       used 133680K, committed 136192K, reserved 557056K
  class space    used 17977K, committed 19200K, reserved 425984K
}
Event: 865.892 GC heap before
{Heap before GC invocations=41 (full 0):
 garbage-first heap   total 249856K, used 222008K [0x0000000080000000, 0x0000000100000000)
  region size 1024K, 107 young (109568K), 12 survivors (12288K)
 Metaspace       used 138388K, committed 141184K, reserved 557056K
  class space    used 18614K, committed 19968K, reserved 425984K
}
Event: 866.112 GC heap after
{Heap after GC invocations=42 (full 0):
 garbage-first heap   total 249856K, used 131055K [0x0000000080000000, 0x0000000100000000)
  region size 1024K, 8 young (8192K), 8 survivors (8192K)
 Metaspace       used 138388K, committed 141184K, reserved 557056K
  class space    used 18614K, committed 19968K, reserved 425984K
}
Event: 894.285 GC heap before
{Heap before GC invocations=42 (full 0):
 garbage-first heap   total 249856K, used 224239K [0x0000000080000000, 0x0000000100000000)
  region size 1024K, 100 young (102400K), 8 survivors (8192K)
 Metaspace       used 139292K, committed 142016K, reserved 557056K
  class space    used 18660K, committed 20032K, reserved 425984K
}
Event: 894.324 GC heap after
{Heap after GC invocations=43 (full 0):
 garbage-first heap   total 249856K, used 138240K [0x0000000080000000, 0x0000000100000000)
  region size 1024K, 13 young (13312K), 13 survivors (13312K)
 Metaspace       used 139292K, committed 142016K, reserved 557056K
  class space    used 18660K, committed 20032K, reserved 425984K
}
Event: 895.296 GC heap before
{Heap before GC invocations=43 (full 0):
 garbage-first heap   total 249856K, used 224256K [0x0000000080000000, 0x0000000100000000)
  region size 1024K, 98 young (100352K), 13 survivors (13312K)
 Metaspace       used 139330K, committed 142144K, reserved 557056K
  class space    used 18663K, committed 20032K, reserved 425984K
}
Event: 895.333 GC heap after
{Heap after GC invocations=44 (full 0):
 garbage-first heap   total 249856K, used 145408K [0x0000000080000000, 0x0000000100000000)
  region size 1024K, 8 young (8192K), 8 survivors (8192K)
 Metaspace       used 139330K, committed 142144K, reserved 557056K
  class space    used 18663K, committed 20032K, reserved 425984K
}
Event: 896.782 GC heap before
{Heap before GC invocations=45 (full 0):
 garbage-first heap   total 249856K, used 241664K [0x0000000080000000, 0x0000000100000000)
  region size 1024K, 88 young (90112K), 8 survivors (8192K)
 Metaspace       used 139748K, committed 142528K, reserved 557056K
  class space    used 18705K, committed 20096K, reserved 425984K
}
Event: 896.828 GC heap after
{Heap after GC invocations=46 (full 0):
 garbage-first heap   total 266240K, used 167891K [0x0000000080000000, 0x0000000100000000)
  region size 1024K, 11 young (11264K), 11 survivors (11264K)
 Metaspace       used 139748K, committed 142528K, reserved 557056K
  class space    used 18705K, committed 20096K, reserved 425984K
}
Event: 898.533 GC heap before
{Heap before GC invocations=46 (full 0):
 garbage-first heap   total 266240K, used 236499K [0x0000000080000000, 0x0000000100000000)
  region size 1024K, 78 young (79872K), 11 survivors (11264K)
 Metaspace       used 141233K, committed 144000K, reserved 557056K
  class space    used 18845K, committed 20224K, reserved 425984K
}
Event: 898.557 GC heap after
{Heap after GC invocations=47 (full 0):
 garbage-first heap   total 266240K, used 172032K [0x0000000080000000, 0x0000000100000000)
  region size 1024K, 7 young (7168K), 7 survivors (7168K)
 Metaspace       used 141233K, committed 144000K, reserved 557056K
  class space    used 18845K, committed 20224K, reserved 425984K
}
Event: 903.603 GC heap before
{Heap before GC invocations=47 (full 0):
 garbage-first heap   total 266240K, used 205824K [0x0000000080000000, 0x0000000100000000)
  region size 1024K, 41 young (41984K), 7 survivors (7168K)
 Metaspace       used 144293K, committed 147072K, reserved 557056K
  class space    used 19051K, committed 20416K, reserved 425984K
}
Event: 903.617 GC heap after
{Heap after GC invocations=48 (full 0):
 garbage-first heap   total 266240K, used 176345K [0x0000000080000000, 0x0000000100000000)
  region size 1024K, 4 young (4096K), 4 survivors (4096K)
 Metaspace       used 144293K, committed 147072K, reserved 557056K
  class space    used 19051K, committed 20416K, reserved 425984K
}
Event: 905.400 GC heap before
{Heap before GC invocations=49 (full 0):
 garbage-first heap   total 306176K, used 248025K [0x0000000080000000, 0x0000000100000000)
  region size 1024K, 68 young (69632K), 4 survivors (4096K)
 Metaspace       used 144367K, committed 147136K, reserved 557056K
  class space    used 19056K, committed 20416K, reserved 425984K
}
Event: 905.422 GC heap after
{Heap after GC invocations=50 (full 0):
 garbage-first heap   total 306176K, used 200704K [0x0000000080000000, 0x0000000100000000)
  region size 1024K, 9 young (9216K), 9 survivors (9216K)
 Metaspace       used 144367K, committed 147136K, reserved 557056K
  class space    used 19056K, committed 20416K, reserved 425984K
}
Event: 907.004 GC heap before
{Heap before GC invocations=50 (full 0):
 garbage-first heap   total 306176K, used 270336K [0x0000000080000000, 0x0000000100000000)
  region size 1024K, 76 young (77824K), 9 survivors (9216K)
 Metaspace       used 144575K, committed 147328K, reserved 557056K
  class space    used 19056K, committed 20416K, reserved 425984K
}
Event: 907.027 GC heap after
{Heap after GC invocations=51 (full 0):
 garbage-first heap   total 306176K, used 192660K [0x0000000080000000, 0x0000000100000000)
  region size 1024K, 9 young (9216K), 9 survivors (9216K)
 Metaspace       used 144575K, committed 147328K, reserved 557056K
  class space    used 19056K, committed 20416K, reserved 425984K
}
Event: 908.399 GC heap before
{Heap before GC invocations=51 (full 0):
 garbage-first heap   total 306176K, used 227476K [0x0000000080000000, 0x0000000100000000)
  region size 1024K, 45 young (46080K), 9 survivors (9216K)
 Metaspace       used 144856K, committed 147712K, reserved 557056K
  class space    used 19069K, committed 20480K, reserved 425984K
}
Event: 908.414 GC heap after
{Heap after GC invocations=52 (full 0):
 garbage-first heap   total 306176K, used 199966K [0x0000000080000000, 0x0000000100000000)
  region size 1024K, 7 young (7168K), 7 survivors (7168K)
 Metaspace       used 144856K, committed 147712K, reserved 557056K
  class space    used 19069K, committed 20480K, reserved 425984K
}

