# JRE version: Java(TM) SE Runtime Environment (17.0.12+8) (build 17.0.12+8-LTS-286)
# Java VM: Java HotSpot(TM) 64-Bit Server VM (17.0.12+8-LTS-286, mixed mode, sharing, tiered, compressed oops, compressed class ptrs, g1 gc, windows-amd64)
GC Precious Log:
 CPUs: 4 total, 4 available
 Memory: 7835M
 Large Page Support: Disabled
 NUMA Support: Disabled
 Compressed Oops: Enabled (32-bit)
 Heap Region Size: 1M
 Heap Min Capacity: 8M
 Heap Initial Capacity: 124M
 Heap Max Capacity: 2G
 Pre-touch: Disabled
 Parallel Workers: 4
 Concurrent Workers: 1
 Concurrent Refinement Workers: 4
 Periodic GC: Disabled
Heap:
 garbage-first heap   total 195584K, used 125554K [0x0000000080000000, 0x0000000100000000)
  region size 1024K, 9 young (9216K), 2 survivors (2048K)
 Metaspace       used 90949K, committed 91776K, reserved 557056K
  class space    used 12604K, committed 12992K, reserved 425984K
GC Heap History (20 events):
Event: 18.101 GC heap before
{Heap before GC invocations=26 (full 0):
 garbage-first heap   total 116736K, used 69618K [0x0000000080000000, 0x0000000100000000)
  region size 1024K, 5 young (5120K), 2 survivors (2048K)
 Metaspace       used 66001K, committed 66688K, reserved 491520K
  class space    used 9323K, committed 9664K, reserved 425984K
}
Event: 18.106 GC heap after
{Heap after GC invocations=27 (full 0):
 garbage-first heap   total 195584K, used 66424K [0x0000000080000000, 0x0000000100000000)
  region size 1024K, 1 young (1024K), 1 survivors (1024K)
 Metaspace       used 66001K, committed 66688K, reserved 491520K
  class space    used 9323K, committed 9664K, reserved 425984K
}
Event: 20.441 GC heap before
{Heap before GC invocations=27 (full 0):
 garbage-first heap   total 195584K, used 147320K [0x0000000080000000, 0x0000000100000000)
  region size 1024K, 80 young (81920K), 1 survivors (1024K)
 Metaspace       used 69711K, committed 70464K, reserved 491520K
  class space    used 9925K, committed 10304K, reserved 425984K
}
Event: 20.462 GC heap after
{Heap after GC invocations=28 (full 0):
 garbage-first heap   total 195584K, used 75188K [0x0000000080000000, 0x0000000100000000)
  region size 1024K, 10 young (10240K), 10 survivors (10240K)
 Metaspace       used 69711K, committed 70464K, reserved 491520K
  class space    used 9925K, committed 10304K, reserved 425984K
}
Event: 21.609 GC heap before
{Heap before GC invocations=28 (full 0):
 garbage-first heap   total 195584K, used 147892K [0x0000000080000000, 0x0000000100000000)
  region size 1024K, 82 young (83968K), 10 survivors (10240K)
 Metaspace       used 69921K, committed 70656K, reserved 491520K
  class space    used 9928K, committed 10304K, reserved 425984K
}
Event: 21.626 GC heap after
{Heap after GC invocations=29 (full 0):
 garbage-first heap   total 195584K, used 79103K [0x0000000080000000, 0x0000000100000000)
  region size 1024K, 7 young (7168K), 7 survivors (7168K)
 Metaspace       used 69921K, committed 70656K, reserved 491520K
  class space    used 9928K, committed 10304K, reserved 425984K
}
Event: 23.584 GC heap before
{Heap before GC invocations=29 (full 0):
 garbage-first heap   total 195584K, used 151807K [0x0000000080000000, 0x0000000100000000)
  region size 1024K, 78 young (79872K), 7 survivors (7168K)
 Metaspace       used 70272K, committed 70976K, reserved 491520K
  class space    used 9966K, committed 10304K, reserved 425984K
}
Event: 23.594 GC heap after
{Heap after GC invocations=30 (full 0):
 garbage-first heap   total 195584K, used 83051K [0x0000000080000000, 0x0000000100000000)
  region size 1024K, 8 young (8192K), 8 survivors (8192K)
 Metaspace       used 70272K, committed 70976K, reserved 491520K
  class space    used 9966K, committed 10304K, reserved 425984K
}
Event: 25.230 GC heap before
{Heap before GC invocations=30 (full 0):
 garbage-first heap   total 195584K, used 162923K [0x0000000080000000, 0x0000000100000000)
  region size 1024K, 76 young (77824K), 8 survivors (8192K)
 Metaspace       used 74683K, committed 75456K, reserved 491520K
  class space    used 10452K, committed 10816K, reserved 425984K
}
Event: 25.240 GC heap after
{Heap after GC invocations=31 (full 0):
 garbage-first heap   total 195584K, used 102137K [0x0000000080000000, 0x0000000100000000)
  region size 1024K, 10 young (10240K), 10 survivors (10240K)
 Metaspace       used 74683K, committed 75456K, reserved 491520K
  class space    used 10452K, committed 10816K, reserved 425984K
}
Event: 26.210 GC heap before
{Heap before GC invocations=31 (full 0):
 garbage-first heap   total 195584K, used 162553K [0x0000000080000000, 0x0000000100000000)
  region size 1024K, 64 young (65536K), 10 survivors (10240K)
 Metaspace       used 78957K, committed 79808K, reserved 557056K
  class space    used 10976K, committed 11392K, reserved 425984K
}
Event: 26.221 GC heap after
{Heap after GC invocations=32 (full 0):
 garbage-first heap   total 195584K, used 108877K [0x0000000080000000, 0x0000000100000000)
  region size 1024K, 6 young (6144K), 6 survivors (6144K)
 Metaspace       used 78957K, committed 79808K, reserved 557056K
  class space    used 10976K, committed 11392K, reserved 425984K
}
Event: 27.178 GC heap before
{Heap before GC invocations=32 (full 0):
 garbage-first heap   total 195584K, used 158029K [0x0000000080000000, 0x0000000100000000)
  region size 1024K, 54 young (55296K), 6 survivors (6144K)
 Metaspace       used 82444K, committed 83264K, reserved 557056K
  class space    used 11429K, committed 11840K, reserved 425984K
}
Event: 27.186 GC heap after
{Heap after GC invocations=33 (full 0):
 garbage-first heap   total 195584K, used 111134K [0x0000000080000000, 0x0000000100000000)
  region size 1024K, 3 young (3072K), 3 survivors (3072K)
 Metaspace       used 82444K, committed 83264K, reserved 557056K
  class space    used 11429K, committed 11840K, reserved 425984K
}
Event: 28.965 GC heap before
{Heap before GC invocations=33 (full 0):
 garbage-first heap   total 195584K, used 161310K [0x0000000080000000, 0x0000000100000000)
  region size 1024K, 52 young (53248K), 3 survivors (3072K)
 Metaspace       used 86085K, committed 86912K, reserved 557056K
  class space    used 11946K, committed 12352K, reserved 425984K
}
Event: 28.972 GC heap after
{Heap after GC invocations=34 (full 0):
 garbage-first heap   total 195584K, used 112640K [0x0000000080000000, 0x0000000100000000)
  region size 1024K, 4 young (4096K), 4 survivors (4096K)
 Metaspace       used 86085K, committed 86912K, reserved 557056K
  class space    used 11946K, committed 12352K, reserved 425984K
}
Event: 30.152 GC heap before
{Heap before GC invocations=34 (full 0):
 garbage-first heap   total 195584K, used 162816K [0x0000000080000000, 0x0000000100000000)
  region size 1024K, 53 young (54272K), 4 survivors (4096K)
 Metaspace       used 87469K, committed 88256K, reserved 557056K
  class space    used 12099K, committed 12480K, reserved 425984K
}
Event: 30.164 GC heap after
{Heap after GC invocations=35 (full 0):
 garbage-first heap   total 195584K, used 117724K [0x0000000080000000, 0x0000000100000000)
  region size 1024K, 7 young (7168K), 7 survivors (7168K)
 Metaspace       used 87469K, committed 88256K, reserved 557056K
  class space    used 12099K, committed 12480K, reserved 425984K
}
Event: 31.305 GC heap before
{Heap before GC invocations=35 (full 0):
 garbage-first heap   total 195584K, used 162780K [0x0000000080000000, 0x0000000100000000)
  region size 1024K, 50 young (51200K), 7 survivors (7168K)
 Metaspace       used 90444K, committed 91264K, reserved 557056K
  class space    used 12513K, committed 12928K, reserved 425984K
}
Event: 31.315 GC heap after
{Heap after GC invocations=36 (full 0):
 garbage-first heap   total 195584K, used 119410K [0x0000000080000000, 0x0000000100000000)
  region size 1024K, 2 young (2048K), 2 survivors (2048K)
 Metaspace       used 90444K, committed 91264K, reserved 557056K
  class space    used 12513K, committed 12928K, reserved 425984K
}

