# JRE version: Java(TM) SE Runtime Environment (17.0.12+8) (build 17.0.12+8-LTS-286)
# Java VM: Java HotSpot(TM) 64-Bit Server VM (17.0.12+8-LTS-286, mixed mode, sharing, tiered, compressed oops, compressed class ptrs, g1 gc, windows-amd64)
GC Precious Log:
 CPUs: 4 total, 4 available
 Memory: 7835M
 Large Page Support: Disabled
 NUMA Support: Disabled
 Compressed Oops: Enabled (32-bit)
 Heap Region Size: 1M
 Heap Min Capacity: 8M
 Heap Initial Capacity: 124M
 Heap Max Capacity: 2G
 Pre-touch: Disabled
 Parallel Workers: 4
 Concurrent Workers: 1
 Concurrent Refinement Workers: 4
 Periodic GC: Disabled
Heap:
 garbage-first heap   total 209920K, used 117166K [0x0000000080000000, 0x0000000100000000)
  region size 1024K, 6 young (6144K), 6 survivors (6144K)
 Metaspace       used 85633K, committed 86592K, reserved 557056K
  class space    used 11895K, committed 12352K, reserved 425984K
GC Heap History (20 events):
Event: 85.677 GC heap after
{Heap after GC invocations=36 (full 0):
 garbage-first heap   total 157696K, used 92055K [0x0000000080000000, 0x0000000100000000)
  region size 1024K, 4 young (4096K), 4 survivors (4096K)
 Metaspace       used 77299K, committed 78208K, reserved 557056K
  class space    used 10885K, committed 11328K, reserved 425984K
}
Event: 85.836 GC heap before
{Heap before GC invocations=36 (full 0):
 garbage-first heap   total 157696K, used 95127K [0x0000000080000000, 0x0000000100000000)
  region size 1024K, 7 young (7168K), 4 survivors (4096K)
 Metaspace       used 77299K, committed 78208K, reserved 557056K
  class space    used 10885K, committed 11328K, reserved 425984K
}
Event: 85.848 GC heap after
{Heap after GC invocations=37 (full 0):
 garbage-first heap   total 157696K, used 89743K [0x0000000080000000, 0x0000000100000000)
  region size 1024K, 1 young (1024K), 1 survivors (1024K)
 Metaspace       used 77299K, committed 78208K, reserved 557056K
  class space    used 10885K, committed 11328K, reserved 425984K
}
Event: 87.403 GC heap before
{Heap before GC invocations=37 (full 0):
 garbage-first heap   total 157696K, used 127631K [0x0000000080000000, 0x0000000100000000)
  region size 1024K, 38 young (38912K), 1 survivors (1024K)
 Metaspace       used 77306K, committed 78208K, reserved 557056K
  class space    used 10885K, committed 11328K, reserved 425984K
}
Event: 87.409 GC heap after
{Heap after GC invocations=38 (full 0):
 garbage-first heap   total 157696K, used 93424K [0x0000000080000000, 0x0000000100000000)
  region size 1024K, 5 young (5120K), 5 survivors (5120K)
 Metaspace       used 77306K, committed 78208K, reserved 557056K
  class space    used 10885K, committed 11328K, reserved 425984K
}
Event: 89.632 GC heap before
{Heap before GC invocations=38 (full 0):
 garbage-first heap   total 157696K, used 128240K [0x0000000080000000, 0x0000000100000000)
  region size 1024K, 39 young (39936K), 5 survivors (5120K)
 Metaspace       used 77307K, committed 78208K, reserved 557056K
  class space    used 10886K, committed 11328K, reserved 425984K
}
Event: 89.639 GC heap after
{Heap after GC invocations=39 (full 0):
 garbage-first heap   total 157696K, used 95530K [0x0000000080000000, 0x0000000100000000)
  region size 1024K, 5 young (5120K), 5 survivors (5120K)
 Metaspace       used 77307K, committed 78208K, reserved 557056K
  class space    used 10886K, committed 11328K, reserved 425984K
}
Event: 89.899 GC heap before
{Heap before GC invocations=39 (full 0):
 garbage-first heap   total 157696K, used 102698K [0x0000000080000000, 0x0000000100000000)
  region size 1024K, 13 young (13312K), 5 survivors (5120K)
 Metaspace       used 77527K, committed 78464K, reserved 557056K
  class space    used 10907K, committed 11328K, reserved 425984K
}
Event: 89.904 GC heap after
{Heap after GC invocations=40 (full 0):
 garbage-first heap   total 157696K, used 96732K [0x0000000080000000, 0x0000000100000000)
  region size 1024K, 2 young (2048K), 2 survivors (2048K)
 Metaspace       used 77527K, committed 78464K, reserved 557056K
  class space    used 10907K, committed 11328K, reserved 425984K
}
Event: 104.899 GC heap before
{Heap before GC invocations=41 (full 0):
 garbage-first heap   total 165888K, used 136668K [0x0000000080000000, 0x0000000100000000)
  region size 1024K, 32 young (32768K), 2 survivors (2048K)
 Metaspace       used 78390K, committed 79360K, reserved 557056K
  class space    used 10998K, committed 11456K, reserved 425984K
}
Event: 104.905 GC heap after
{Heap after GC invocations=42 (full 0):
 garbage-first heap   total 165888K, used 114009K [0x0000000080000000, 0x0000000100000000)
  region size 1024K, 4 young (4096K), 4 survivors (4096K)
 Metaspace       used 78390K, committed 79360K, reserved 557056K
  class space    used 10998K, committed 11456K, reserved 425984K
}
Event: 104.973 GC heap before
{Heap before GC invocations=42 (full 0):
 garbage-first heap   total 165888K, used 118105K [0x0000000080000000, 0x0000000100000000)
  region size 1024K, 8 young (8192K), 4 survivors (4096K)
 Metaspace       used 78680K, committed 79616K, reserved 557056K
  class space    used 11030K, committed 11456K, reserved 425984K
}
Event: 104.985 GC heap after
{Heap after GC invocations=43 (full 0):
 garbage-first heap   total 165888K, used 110642K [0x0000000080000000, 0x0000000100000000)
  region size 1024K, 1 young (1024K), 1 survivors (1024K)
 Metaspace       used 78680K, committed 79616K, reserved 557056K
  class space    used 11030K, committed 11456K, reserved 425984K
}
Event: 105.440 GC heap before
{Heap before GC invocations=43 (full 0):
 garbage-first heap   total 165888K, used 134194K [0x0000000080000000, 0x0000000100000000)
  region size 1024K, 25 young (25600K), 1 survivors (1024K)
 Metaspace       used 80570K, committed 81536K, reserved 557056K
  class space    used 11262K, committed 11776K, reserved 425984K
}
Event: 105.443 GC heap after
{Heap after GC invocations=44 (full 0):
 garbage-first heap   total 165888K, used 111671K [0x0000000080000000, 0x0000000100000000)
  region size 1024K, 2 young (2048K), 2 survivors (2048K)
 Metaspace       used 80570K, committed 81536K, reserved 557056K
  class space    used 11262K, committed 11776K, reserved 425984K
}
Event: 105.994 GC heap before
{Heap before GC invocations=45 (full 0):
 garbage-first heap   total 209920K, used 134199K [0x0000000080000000, 0x0000000100000000)
  region size 1024K, 24 young (24576K), 2 survivors (2048K)
 Metaspace       used 82445K, committed 83456K, reserved 557056K
  class space    used 11473K, committed 11968K, reserved 425984K
}
Event: 105.999 GC heap after
{Heap after GC invocations=46 (full 0):
 garbage-first heap   total 209920K, used 111973K [0x0000000080000000, 0x0000000100000000)
  region size 1024K, 2 young (2048K), 2 survivors (2048K)
 Metaspace       used 82445K, committed 83456K, reserved 557056K
  class space    used 11473K, committed 11968K, reserved 425984K
}
Event: 106.142 GC heap before
{Heap before GC invocations=46 (full 0):
 garbage-first heap   total 209920K, used 120165K [0x0000000080000000, 0x0000000100000000)
  region size 1024K, 10 young (10240K), 2 survivors (2048K)
 Metaspace       used 82849K, committed 83904K, reserved 557056K
  class space    used 11529K, committed 12032K, reserved 425984K
}
Event: 106.151 GC heap after
{Heap after GC invocations=47 (full 0):
 garbage-first heap   total 209920K, used 112730K [0x0000000080000000, 0x0000000100000000)
  region size 1024K, 2 young (2048K), 2 survivors (2048K)
 Metaspace       used 82849K, committed 83904K, reserved 557056K
  class space    used 11529K, committed 12032K, reserved 425984K
}
Event: 106.985 GC heap before
{Heap before GC invocations=47 (full 0):
 garbage-first heap   total 209920K, used 165978K [0x0000000080000000, 0x0000000100000000)
  region size 1024K, 50 young (51200K), 2 survivors (2048K)
 Metaspace       used 85633K, committed 86592K, reserved 557056K
  class space    used 11895K, committed 12352K, reserved 425984K
}

