# JRE version: Java(TM) SE Runtime Environment (17.0.12+8) (build 17.0.12+8-LTS-286)
# Java VM: Java HotSpot(TM) 64-Bit Server VM (17.0.12+8-LTS-286, mixed mode, sharing, tiered, compressed oops, compressed class ptrs, g1 gc, windows-amd64)
GC Precious Log:
 CPUs: 4 total, 4 available
 Memory: 7835M
 Large Page Support: Disabled
 NUMA Support: Disabled
 Compressed Oops: Enabled (32-bit)
 Heap Region Size: 1M
 Heap Min Capacity: 8M
 Heap Initial Capacity: 124M
 Heap Max Capacity: 2G
 Pre-touch: Disabled
 Parallel Workers: 4
 Concurrent Workers: 1
 Concurrent Refinement Workers: 4
 Periodic GC: Disabled
Heap:
 garbage-first heap   total 409600K, used 348160K [0x0000000080000000, 0x0000000100000000)
  region size 1024K, 62 young (63488K), 9 survivors (9216K)
 Metaspace       used 166300K, committed 168320K, reserved 622592K
  class space    used 22969K, committed 23936K, reserved 425984K
GC Heap History (20 events):
Event: 2264.256 GC heap before
{Heap before GC invocations=93 (full 0):
 garbage-first heap   total 409600K, used 344886K [0x0000000080000000, 0x0000000100000000)
  region size 1024K, 140 young (143360K), 12 survivors (12288K)
 Metaspace       used 156407K, committed 158144K, reserved 622592K
  class space    used 21698K, committed 22528K, reserved 425984K
}
Event: 2264.295 GC heap after
{Heap after GC invocations=94 (full 0):
 garbage-first heap   total 409600K, used 226304K [0x0000000080000000, 0x0000000100000000)
  region size 1024K, 18 young (18432K), 18 survivors (18432K)
 Metaspace       used 156407K, committed 158144K, reserved 622592K
  class space    used 21698K, committed 22528K, reserved 425984K
}
Event: 2266.766 GC heap before
{Heap before GC invocations=94 (full 0):
 garbage-first heap   total 409600K, used 342016K [0x0000000080000000, 0x0000000100000000)
  region size 1024K, 132 young (135168K), 18 survivors (18432K)
 Metaspace       used 158750K, committed 160576K, reserved 622592K
  class space    used 22006K, committed 22848K, reserved 425984K
}
Event: 2266.831 GC heap after
{Heap after GC invocations=95 (full 0):
 garbage-first heap   total 409600K, used 236159K [0x0000000080000000, 0x0000000100000000)
  region size 1024K, 11 young (11264K), 11 survivors (11264K)
 Metaspace       used 158750K, committed 160576K, reserved 622592K
  class space    used 22006K, committed 22848K, reserved 425984K
}
Event: 2268.936 GC heap before
{Heap before GC invocations=95 (full 0):
 garbage-first heap   total 409600K, used 342655K [0x0000000080000000, 0x0000000100000000)
  region size 1024K, 115 young (117760K), 11 survivors (11264K)
 Metaspace       used 164351K, committed 166208K, reserved 622592K
  class space    used 22733K, committed 23616K, reserved 425984K
}
Event: 2268.972 GC heap after
{Heap after GC invocations=96 (full 0):
 garbage-first heap   total 409600K, used 244224K [0x0000000080000000, 0x0000000100000000)
  region size 1024K, 8 young (8192K), 8 survivors (8192K)
 Metaspace       used 164351K, committed 166208K, reserved 622592K
  class space    used 22733K, committed 23616K, reserved 425984K
}
Event: 2273.962 GC heap before
{Heap before GC invocations=96 (full 0):
 garbage-first heap   total 409600K, used 344576K [0x0000000080000000, 0x0000000100000000)
  region size 1024K, 106 young (108544K), 8 survivors (8192K)
 Metaspace       used 165046K, committed 166848K, reserved 622592K
  class space    used 22826K, committed 23680K, reserved 425984K
}
Event: 2273.993 GC heap after
{Heap after GC invocations=97 (full 0):
 garbage-first heap   total 409600K, used 254464K [0x0000000080000000, 0x0000000100000000)
  region size 1024K, 10 young (10240K), 10 survivors (10240K)
 Metaspace       used 165046K, committed 166848K, reserved 622592K
  class space    used 22826K, committed 23680K, reserved 425984K
}
Event: 2276.093 GC heap before
{Heap before GC invocations=97 (full 0):
 garbage-first heap   total 409600K, used 345600K [0x0000000080000000, 0x0000000100000000)
  region size 1024K, 99 young (101376K), 10 survivors (10240K)
 Metaspace       used 165205K, committed 167168K, reserved 622592K
  class space    used 22837K, committed 23744K, reserved 425984K
}
Event: 2276.113 GC heap after
{Heap after GC invocations=98 (full 0):
 garbage-first heap   total 409600K, used 260810K [0x0000000080000000, 0x0000000100000000)
  region size 1024K, 7 young (7168K), 7 survivors (7168K)
 Metaspace       used 165205K, committed 167168K, reserved 622592K
  class space    used 22837K, committed 23744K, reserved 425984K
}
Event: 2278.063 GC heap before
{Heap before GC invocations=98 (full 0):
 garbage-first heap   total 409600K, used 346826K [0x0000000080000000, 0x0000000100000000)
  region size 1024K, 91 young (93184K), 7 survivors (7168K)
 Metaspace       used 165417K, committed 167360K, reserved 622592K
  class space    used 22856K, committed 23744K, reserved 425984K
}
Event: 2278.085 GC heap after
{Heap after GC invocations=99 (full 0):
 garbage-first heap   total 409600K, used 269312K [0x0000000080000000, 0x0000000100000000)
  region size 1024K, 12 young (12288K), 12 survivors (12288K)
 Metaspace       used 165417K, committed 167360K, reserved 622592K
  class space    used 22856K, committed 23744K, reserved 425984K
}
Event: 2693.795 GC heap before
{Heap before GC invocations=99 (full 0):
 garbage-first heap   total 409600K, used 347136K [0x0000000080000000, 0x0000000100000000)
  region size 1024K, 89 young (91136K), 12 survivors (12288K)
 Metaspace       used 165591K, committed 167552K, reserved 622592K
  class space    used 22875K, committed 23808K, reserved 425984K
}
Event: 2694.016 GC heap after
{Heap after GC invocations=100 (full 0):
 garbage-first heap   total 409600K, used 274944K [0x0000000080000000, 0x0000000100000000)
  region size 1024K, 6 young (6144K), 6 survivors (6144K)
 Metaspace       used 165591K, committed 167552K, reserved 622592K
  class space    used 22875K, committed 23808K, reserved 425984K
}
Event: 2705.157 GC heap before
{Heap before GC invocations=100 (full 0):
 garbage-first heap   total 409600K, used 348672K [0x0000000080000000, 0x0000000100000000)
  region size 1024K, 79 young (80896K), 6 survivors (6144K)
 Metaspace       used 165971K, committed 167936K, reserved 622592K
  class space    used 22942K, committed 23872K, reserved 425984K
}
Event: 2705.194 GC heap after
{Heap after GC invocations=101 (full 0):
 garbage-first heap   total 409600K, used 283618K [0x0000000080000000, 0x0000000100000000)
  region size 1024K, 10 young (10240K), 10 survivors (10240K)
 Metaspace       used 165971K, committed 167936K, reserved 622592K
  class space    used 22942K, committed 23872K, reserved 425984K
}
Event: 2711.367 GC heap before
{Heap before GC invocations=101 (full 0):
 garbage-first heap   total 409600K, used 350178K [0x0000000080000000, 0x0000000100000000)
  region size 1024K, 75 young (76800K), 10 survivors (10240K)
 Metaspace       used 166021K, committed 168000K, reserved 622592K
  class space    used 22944K, committed 23872K, reserved 425984K
}
Event: 2711.406 GC heap after
{Heap after GC invocations=102 (full 0):
 garbage-first heap   total 409600K, used 288408K [0x0000000080000000, 0x0000000100000000)
  region size 1024K, 5 young (5120K), 5 survivors (5120K)
 Metaspace       used 166021K, committed 168000K, reserved 622592K
  class space    used 22944K, committed 23872K, reserved 425984K
}
Event: 2725.829 GC heap before
{Heap before GC invocations=102 (full 0):
 garbage-first heap   total 409600K, used 350872K [0x0000000080000000, 0x0000000100000000)
  region size 1024K, 67 young (68608K), 5 survivors (5120K)
 Metaspace       used 166118K, committed 168064K, reserved 622592K
  class space    used 22948K, committed 23872K, reserved 425984K
}
Event: 2725.854 GC heap after
{Heap after GC invocations=103 (full 0):
 garbage-first heap   total 409600K, used 294912K [0x0000000080000000, 0x0000000100000000)
  region size 1024K, 9 young (9216K), 9 survivors (9216K)
 Metaspace       used 166118K, committed 168064K, reserved 622592K
  class space    used 22948K, committed 23872K, reserved 425984K
}

