# JRE version: Java(TM) SE Runtime Environment (17.0.12+8) (build 17.0.12+8-LTS-286)
# Java VM: Java HotSpot(TM) 64-Bit Server VM (17.0.12+8-LTS-286, mixed mode, sharing, tiered, compressed oops, compressed class ptrs, g1 gc, windows-amd64)
GC Precious Log:
 CPUs: 4 total, 4 available
 Memory: 7835M
 Large Page Support: Disabled
 NUMA Support: Disabled
 Compressed Oops: Enabled (32-bit)
 Heap Region Size: 1M
 Heap Min Capacity: 8M
 Heap Initial Capacity: 124M
 Heap Max Capacity: 2G
 Pre-touch: Disabled
 Parallel Workers: 4
 Concurrent Workers: 1
 Concurrent Refinement Workers: 4
 Periodic GC: Disabled
Heap:
 garbage-first heap   total 352256K, used 318089K [0x0000000080000000, 0x0000000100000000)
  region size 1024K, 17 young (17408K), 1 survivors (1024K)
 Metaspace       used 184471K, committed 185792K, reserved 622592K
  class space    used 23524K, committed 24128K, reserved 425984K
GC Heap History (20 events):
Event: 169.434 GC heap before
{Heap before GC invocations=161 (full 0):
 garbage-first heap   total 352256K, used 319805K [0x0000000080000000, 0x0000000100000000)
  region size 1024K, 17 young (17408K), 2 survivors (2048K)
 Metaspace       used 176669K, committed 177920K, reserved 622592K
  class space    used 22475K, committed 23040K, reserved 425984K
}
Event: 169.441 GC heap after
{Heap after GC invocations=162 (full 0):
 garbage-first heap   total 352256K, used 306286K [0x0000000080000000, 0x0000000100000000)
  region size 1024K, 3 young (3072K), 3 survivors (3072K)
 Metaspace       used 176669K, committed 177920K, reserved 622592K
  class space    used 22475K, committed 23040K, reserved 425984K
}
Event: 170.718 GC heap before
{Heap before GC invocations=162 (full 0):
 garbage-first heap   total 352256K, used 320622K [0x0000000080000000, 0x0000000100000000)
  region size 1024K, 17 young (17408K), 3 survivors (3072K)
 Metaspace       used 177224K, committed 178432K, reserved 622592K
  class space    used 22545K, committed 23104K, reserved 425984K
}
Event: 170.724 GC heap after
{Heap after GC invocations=163 (full 0):
 garbage-first heap   total 352256K, used 307218K [0x0000000080000000, 0x0000000100000000)
  region size 1024K, 3 young (3072K), 3 survivors (3072K)
 Metaspace       used 177224K, committed 178432K, reserved 622592K
  class space    used 22545K, committed 23104K, reserved 425984K
}
Event: 171.158 GC heap before
{Heap before GC invocations=163 (full 0):
 garbage-first heap   total 352256K, used 320530K [0x0000000080000000, 0x0000000100000000)
  region size 1024K, 17 young (17408K), 3 survivors (3072K)
 Metaspace       used 178264K, committed 179456K, reserved 622592K
  class space    used 22696K, committed 23232K, reserved 425984K
}
Event: 171.165 GC heap after
{Heap after GC invocations=164 (full 0):
 garbage-first heap   total 352256K, used 307848K [0x0000000080000000, 0x0000000100000000)
  region size 1024K, 2 young (2048K), 2 survivors (2048K)
 Metaspace       used 178264K, committed 179456K, reserved 622592K
  class space    used 22696K, committed 23232K, reserved 425984K
}
Event: 172.406 GC heap before
{Heap before GC invocations=164 (full 0):
 garbage-first heap   total 352256K, used 322184K [0x0000000080000000, 0x0000000100000000)
  region size 1024K, 17 young (17408K), 2 survivors (2048K)
 Metaspace       used 180466K, committed 181632K, reserved 622592K
  class space    used 23083K, committed 23616K, reserved 425984K
}
Event: 172.411 GC heap after
{Heap after GC invocations=165 (full 0):
 garbage-first heap   total 352256K, used 308652K [0x0000000080000000, 0x0000000100000000)
  region size 1024K, 2 young (2048K), 2 survivors (2048K)
 Metaspace       used 180466K, committed 181632K, reserved 622592K
  class space    used 23083K, committed 23616K, reserved 425984K
}
Event: 173.067 GC heap before
{Heap before GC invocations=165 (full 0):
 garbage-first heap   total 352256K, used 324012K [0x0000000080000000, 0x0000000100000000)
  region size 1024K, 17 young (17408K), 2 survivors (2048K)
 Metaspace       used 180666K, committed 181888K, reserved 622592K
  class space    used 23098K, committed 23680K, reserved 425984K
}
Event: 173.072 GC heap after
{Heap after GC invocations=166 (full 0):
 garbage-first heap   total 352256K, used 309134K [0x0000000080000000, 0x0000000100000000)
  region size 1024K, 2 young (2048K), 2 survivors (2048K)
 Metaspace       used 180666K, committed 181888K, reserved 622592K
  class space    used 23098K, committed 23680K, reserved 425984K
}
Event: 173.353 GC heap before
{Heap before GC invocations=166 (full 0):
 garbage-first heap   total 352256K, used 324494K [0x0000000080000000, 0x0000000100000000)
  region size 1024K, 17 young (17408K), 2 survivors (2048K)
 Metaspace       used 180699K, committed 181952K, reserved 622592K
  class space    used 23098K, committed 23680K, reserved 425984K
}
Event: 173.358 GC heap after
{Heap after GC invocations=167 (full 0):
 garbage-first heap   total 352256K, used 309645K [0x0000000080000000, 0x0000000100000000)
  region size 1024K, 2 young (2048K), 2 survivors (2048K)
 Metaspace       used 180699K, committed 181952K, reserved 622592K
  class space    used 23098K, committed 23680K, reserved 425984K
}
Event: 173.586 GC heap before
{Heap before GC invocations=167 (full 0):
 garbage-first heap   total 352256K, used 325005K [0x0000000080000000, 0x0000000100000000)
  region size 1024K, 17 young (17408K), 2 survivors (2048K)
 Metaspace       used 180965K, committed 182208K, reserved 622592K
  class space    used 23135K, committed 23744K, reserved 425984K
}
Event: 173.591 GC heap after
{Heap after GC invocations=168 (full 0):
 garbage-first heap   total 352256K, used 309734K [0x0000000080000000, 0x0000000100000000)
  region size 1024K, 2 young (2048K), 2 survivors (2048K)
 Metaspace       used 180965K, committed 182208K, reserved 622592K
  class space    used 23135K, committed 23744K, reserved 425984K
}
Event: 174.338 GC heap before
{Heap before GC invocations=168 (full 0):
 garbage-first heap   total 352256K, used 324070K [0x0000000080000000, 0x0000000100000000)
  region size 1024K, 17 young (17408K), 2 survivors (2048K)
 Metaspace       used 182811K, committed 184128K, reserved 622592K
  class space    used 23338K, committed 23936K, reserved 425984K
}
Event: 174.343 GC heap after
{Heap after GC invocations=169 (full 0):
 garbage-first heap   total 352256K, used 311170K [0x0000000080000000, 0x0000000100000000)
  region size 1024K, 3 young (3072K), 3 survivors (3072K)
 Metaspace       used 182811K, committed 184128K, reserved 622592K
  class space    used 23338K, committed 23936K, reserved 425984K
}
Event: 174.502 GC heap before
{Heap before GC invocations=169 (full 0):
 garbage-first heap   total 352256K, used 325506K [0x0000000080000000, 0x0000000100000000)
  region size 1024K, 17 young (17408K), 3 survivors (3072K)
 Metaspace       used 182852K, committed 184128K, reserved 622592K
  class space    used 23341K, committed 23936K, reserved 425984K
}
Event: 174.507 GC heap after
{Heap after GC invocations=170 (full 0):
 garbage-first heap   total 352256K, used 311583K [0x0000000080000000, 0x0000000100000000)
  region size 1024K, 2 young (2048K), 2 survivors (2048K)
 Metaspace       used 182852K, committed 184128K, reserved 622592K
  class space    used 23341K, committed 23936K, reserved 425984K
}
Event: 174.960 GC heap before
{Heap before GC invocations=170 (full 0):
 garbage-first heap   total 352256K, used 326943K [0x0000000080000000, 0x0000000100000000)
  region size 1024K, 17 young (17408K), 2 survivors (2048K)
 Metaspace       used 183151K, committed 184448K, reserved 622592K
  class space    used 23374K, committed 24000K, reserved 425984K
}
Event: 174.966 GC heap after
{Heap after GC invocations=171 (full 0):
 garbage-first heap   total 352256K, used 311945K [0x0000000080000000, 0x0000000100000000)
  region size 1024K, 1 young (1024K), 1 survivors (1024K)
 Metaspace       used 183151K, committed 184448K, reserved 622592K
  class space    used 23374K, committed 24000K, reserved 425984K
}

