# JRE version: OpenJDK Runtime Environment Temurin-21.0.10+7 (21.0.10+7) (build 21.0.10+7-LTS)
# Java VM: OpenJDK 64-Bit Server VM Temurin-21.0.10+7 (21.0.10+7-LTS, mixed mode, sharing, tiered, compressed oops, compressed class ptrs, g1 gc, windows-amd64)
GC Precious Log:
 CardTable entry size: 512
 Card Set container configuration: InlinePtr #cards 5 size 8 Array Of Cards #cards 12 size 40 Howl #buckets 4 coarsen threshold 1843 Howl Bitmap #cards 512 size 80 coarsen threshold 460 Card regions per heap region 1 cards per card region 2048
 CPUs: 4 total, 4 available
 Memory: 7835M
 Large Page Support: Disabled
 NUMA Support: Disabled
 Compressed Oops: Enabled (32-bit)
 Heap Region Size: 1M
 Heap Min Capacity: 8M
 Heap Initial Capacity: 124M
 Heap Max Capacity: 1960M
 Pre-touch: Disabled
 Parallel Workers: 4
 Concurrent Workers: 1
 Concurrent Refinement Workers: 4
 Periodic GC: Disabled
Heap:
 garbage-first heap   total 162816K, used 101096K [0x0000000085800000, 0x0000000100000000)
  region size 1024K, 9 young (9216K), 4 survivors (4096K)
 Metaspace       used 79942K, committed 80896K, reserved 1179648K
  class space    used 8512K, committed 8960K, reserved 1048576K
GC Heap History (20 events):
Event: 11.610 GC heap before
{Heap before GC invocations=12 (full 0):
 garbage-first heap   total 116736K, used 100342K [0x0000000085800000, 0x0000000100000000)
  region size 1024K, 44 young (45056K), 6 survivors (6144K)
 Metaspace       used 55183K, committed 56064K, reserved 1114112K
  class space    used 6501K, committed 6912K, reserved 1048576K
}
Event: 11.631 GC heap after
{Heap after GC invocations=13 (full 0):
 garbage-first heap   total 116736K, used 66537K [0x0000000085800000, 0x0000000100000000)
  region size 1024K, 5 young (5120K), 5 survivors (5120K)
 Metaspace       used 55183K, committed 56064K, reserved 1114112K
  class space    used 6501K, committed 6912K, reserved 1048576K
}
Event: 12.706 GC heap before
{Heap before GC invocations=14 (full 0):
 garbage-first heap   total 116736K, used 103401K [0x0000000085800000, 0x0000000100000000)
  region size 1024K, 40 young (40960K), 5 survivors (5120K)
 Metaspace       used 55800K, committed 56640K, reserved 1114112K
  class space    used 6536K, committed 6912K, reserved 1048576K
}
Event: 12.726 GC heap after
{Heap after GC invocations=15 (full 0):
 garbage-first heap   total 116736K, used 71676K [0x0000000085800000, 0x0000000100000000)
  region size 1024K, 5 young (5120K), 5 survivors (5120K)
 Metaspace       used 55800K, committed 56640K, reserved 1114112K
  class space    used 6536K, committed 6912K, reserved 1048576K
}
Event: 14.649 GC heap before
{Heap before GC invocations=15 (full 0):
 garbage-first heap   total 116736K, used 104444K [0x0000000085800000, 0x0000000100000000)
  region size 1024K, 37 young (37888K), 5 survivors (5120K)
 Metaspace       used 56489K, committed 57344K, reserved 1114112K
  class space    used 6555K, committed 6976K, reserved 1048576K
}
Event: 14.672 GC heap after
{Heap after GC invocations=16 (full 0):
 garbage-first heap   total 140288K, used 75703K [0x0000000085800000, 0x0000000100000000)
  region size 1024K, 5 young (5120K), 5 survivors (5120K)
 Metaspace       used 56489K, committed 57344K, reserved 1114112K
  class space    used 6555K, committed 6976K, reserved 1048576K
}
Event: 16.101 GC heap before
{Heap before GC invocations=16 (full 0):
 garbage-first heap   total 140288K, used 96183K [0x0000000085800000, 0x0000000100000000)
  region size 1024K, 26 young (26624K), 5 survivors (5120K)
 Metaspace       used 56832K, committed 57664K, reserved 1114112K
  class space    used 6561K, committed 6976K, reserved 1048576K
}
Event: 16.113 GC heap after
{Heap after GC invocations=17 (full 0):
 garbage-first heap   total 140288K, used 78105K [0x0000000085800000, 0x0000000100000000)
  region size 1024K, 3 young (3072K), 3 survivors (3072K)
 Metaspace       used 56832K, committed 57664K, reserved 1114112K
  class space    used 6561K, committed 6976K, reserved 1048576K
}
Event: 19.107 GC heap before
{Heap before GC invocations=18 (full 0):
 garbage-first heap   total 140288K, used 126233K [0x0000000085800000, 0x0000000100000000)
  region size 1024K, 48 young (49152K), 3 survivors (3072K)
 Metaspace       used 57454K, committed 58304K, reserved 1114112K
  class space    used 6610K, committed 7040K, reserved 1048576K
}
Event: 19.120 GC heap after
{Heap after GC invocations=19 (full 0):
 garbage-first heap   total 140288K, used 84826K [0x0000000085800000, 0x0000000100000000)
  region size 1024K, 6 young (6144K), 6 survivors (6144K)
 Metaspace       used 57454K, committed 58304K, reserved 1114112K
  class space    used 6610K, committed 7040K, reserved 1048576K
}
Event: 21.626 GC heap before
{Heap before GC invocations=19 (full 0):
 garbage-first heap   total 140288K, used 126810K [0x0000000085800000, 0x0000000100000000)
  region size 1024K, 47 young (48128K), 6 survivors (6144K)
 Metaspace       used 58066K, committed 58880K, reserved 1114112K
  class space    used 6650K, committed 7040K, reserved 1048576K
}
Event: 21.645 GC heap after
{Heap after GC invocations=20 (full 0):
 garbage-first heap   total 140288K, used 88377K [0x0000000085800000, 0x0000000100000000)
  region size 1024K, 4 young (4096K), 4 survivors (4096K)
 Metaspace       used 58066K, committed 58880K, reserved 1114112K
  class space    used 6650K, committed 7040K, reserved 1048576K
}
Event: 22.816 GC heap before
{Heap before GC invocations=20 (full 0):
 garbage-first heap   total 140288K, used 127289K [0x0000000085800000, 0x0000000100000000)
  region size 1024K, 42 young (43008K), 4 survivors (4096K)
 Metaspace       used 59330K, committed 60160K, reserved 1114112K
  class space    used 6759K, committed 7168K, reserved 1048576K
}
Event: 22.827 GC heap after
{Heap after GC invocations=21 (full 0):
 garbage-first heap   total 140288K, used 90746K [0x0000000085800000, 0x0000000100000000)
  region size 1024K, 3 young (3072K), 3 survivors (3072K)
 Metaspace       used 59330K, committed 60160K, reserved 1114112K
  class space    used 6759K, committed 7168K, reserved 1048576K
}
Event: 24.440 GC heap before
{Heap before GC invocations=22 (full 0):
 garbage-first heap   total 153600K, used 128634K [0x0000000085800000, 0x0000000100000000)
  region size 1024K, 40 young (40960K), 3 survivors (3072K)
 Metaspace       used 65324K, committed 66240K, reserved 1114112K
  class space    used 7334K, committed 7744K, reserved 1048576K
}
Event: 24.449 GC heap after
{Heap after GC invocations=23 (full 0):
 garbage-first heap   total 153600K, used 92826K [0x0000000085800000, 0x0000000100000000)
  region size 1024K, 5 young (5120K), 5 survivors (5120K)
 Metaspace       used 65324K, committed 66240K, reserved 1114112K
  class space    used 7334K, committed 7744K, reserved 1048576K
}
Event: 26.271 GC heap before
{Heap before GC invocations=23 (full 0):
 garbage-first heap   total 153600K, used 140954K [0x0000000085800000, 0x0000000100000000)
  region size 1024K, 52 young (53248K), 5 survivors (5120K)
 Metaspace       used 73699K, committed 74624K, reserved 1179648K
  class space    used 8064K, committed 8512K, reserved 1048576K
}
Event: 26.289 GC heap after
{Heap after GC invocations=24 (full 0):
 garbage-first heap   total 153600K, used 95554K [0x0000000085800000, 0x0000000100000000)
  region size 1024K, 7 young (7168K), 7 survivors (7168K)
 Metaspace       used 73699K, committed 74624K, reserved 1179648K
  class space    used 8064K, committed 8512K, reserved 1048576K
}
Event: 28.164 GC heap before
{Heap before GC invocations=24 (full 0):
 garbage-first heap   total 153600K, used 141634K [0x0000000085800000, 0x0000000100000000)
  region size 1024K, 52 young (53248K), 7 survivors (7168K)
 Metaspace       used 79663K, committed 80640K, reserved 1179648K
  class space    used 8506K, committed 8960K, reserved 1048576K
}
Event: 28.181 GC heap after
{Heap after GC invocations=25 (full 0):
 garbage-first heap   total 153600K, used 99048K [0x0000000085800000, 0x0000000100000000)
  region size 1024K, 4 young (4096K), 4 survivors (4096K)
 Metaspace       used 79663K, committed 80640K, reserved 1179648K
  class space    used 8506K, committed 8960K, reserved 1048576K
}

